mode: count
github.com/nstratos/go-myanimelist/mal/account.go:27.61,31.16 3 2
github.com/nstratos/go-myanimelist/mal/account.go:34.2,34.24 1 1
github.com/nstratos/go-myanimelist/mal/account.go:31.16,33.3 1 1
github.com/nstratos/go-myanimelist/mal/anime.go:45.78,48.2 1 1
github.com/nstratos/go-myanimelist/mal/anime.go:51.81,54.2 1 2
github.com/nstratos/go-myanimelist/mal/anime.go:57.63,60.2 1 1
github.com/nstratos/go-myanimelist/mal/anime.go:85.78,93.16 6 2
github.com/nstratos/go-myanimelist/mal/anime.go:96.2,96.26 1 1
github.com/nstratos/go-myanimelist/mal/anime.go:93.16,95.3 1 1
github.com/nstratos/go-myanimelist/mal/anime.go:145.77,155.16 8 3
github.com/nstratos/go-myanimelist/mal/anime.go:159.2,159.22 1 2
github.com/nstratos/go-myanimelist/mal/anime.go:163.2,163.24 1 1
github.com/nstratos/go-myanimelist/mal/anime.go:155.16,157.3 1 1
github.com/nstratos/go-myanimelist/mal/anime.go:159.22,161.3 1 1
github.com/nstratos/go-myanimelist/mal/mal.go:52.26,96.2 17 28
github.com/nstratos/go-myanimelist/mal/mal.go:100.60,103.2 2 21
github.com/nstratos/go-myanimelist/mal/mal.go:115.49,117.2 1 21
github.com/nstratos/go-myanimelist/mal/mal.go:139.93,141.16 2 28
github.com/nstratos/go-myanimelist/mal/mal.go:145.2,148.17 3 27
github.com/nstratos/go-myanimelist/mal/mal.go:156.2,157.16 2 26
github.com/nstratos/go-myanimelist/mal/mal.go:161.2,161.23 1 26
github.com/nstratos/go-myanimelist/mal/mal.go:165.2,165.22 1 26
github.com/nstratos/go-myanimelist/mal/mal.go:169.2,169.17 1 26
github.com/nstratos/go-myanimelist/mal/mal.go:141.16,143.3 1 1
github.com/nstratos/go-myanimelist/mal/mal.go:148.17,150.17 2 8
github.com/nstratos/go-myanimelist/mal/mal.go:153.3,153.27 1 7
github.com/nstratos/go-myanimelist/mal/mal.go:150.17,152.4 1 1
github.com/nstratos/go-myanimelist/mal/mal.go:157.16,159.3 1 0
github.com/nstratos/go-myanimelist/mal/mal.go:161.23,163.3 1 26
github.com/nstratos/go-myanimelist/mal/mal.go:165.22,167.3 1 21
github.com/nstratos/go-myanimelist/mal/mal.go:177.74,179.16 2 25
github.com/nstratos/go-myanimelist/mal/mal.go:182.2,185.16 3 24
github.com/nstratos/go-myanimelist/mal/mal.go:189.2,189.14 1 15
github.com/nstratos/go-myanimelist/mal/mal.go:199.2,199.22 1 14
github.com/nstratos/go-myanimelist/mal/mal.go:179.16,181.3 1 1
github.com/nstratos/go-myanimelist/mal/mal.go:185.16,187.3 1 9
github.com/nstratos/go-myanimelist/mal/mal.go:189.14,194.17 4 9
github.com/nstratos/go-myanimelist/mal/mal.go:194.17,196.4 1 1
github.com/nstratos/go-myanimelist/mal/mal.go:205.56,209.16 3 24
github.com/nstratos/go-myanimelist/mal/mal.go:212.2,214.42 2 24
github.com/nstratos/go-myanimelist/mal/mal.go:218.2,218.46 1 21
github.com/nstratos/go-myanimelist/mal/mal.go:224.2,224.18 1 15
github.com/nstratos/go-myanimelist/mal/mal.go:209.16,211.3 1 0
github.com/nstratos/go-myanimelist/mal/mal.go:214.42,216.3 1 3
github.com/nstratos/go-myanimelist/mal/mal.go:218.46,222.3 1 6
github.com/nstratos/go-myanimelist/mal/mal.go:228.86,230.16 2 6
github.com/nstratos/go-myanimelist/mal/mal.go:234.2,237.16 3 6
github.com/nstratos/go-myanimelist/mal/mal.go:241.2,241.18 1 4
github.com/nstratos/go-myanimelist/mal/mal.go:230.16,232.3 1 0
github.com/nstratos/go-myanimelist/mal/mal.go:237.16,239.3 1 2
github.com/nstratos/go-myanimelist/mal/mal.go:245.69,247.16 2 3
github.com/nstratos/go-myanimelist/mal/mal.go:251.2,252.16 2 3
github.com/nstratos/go-myanimelist/mal/mal.go:256.2,256.18 1 2
github.com/nstratos/go-myanimelist/mal/mal.go:247.16,249.3 1 0
github.com/nstratos/go-myanimelist/mal/mal.go:252.16,254.3 1 1
github.com/nstratos/go-myanimelist/mal/mal.go:260.73,263.16 2 12
github.com/nstratos/go-myanimelist/mal/mal.go:267.2,268.16 2 12
github.com/nstratos/go-myanimelist/mal/mal.go:272.2,272.18 1 7
github.com/nstratos/go-myanimelist/mal/mal.go:263.16,265.3 1 0
github.com/nstratos/go-myanimelist/mal/mal.go:268.16,270.3 1 5
github.com/nstratos/go-myanimelist/mal/manga.go:45.78,48.2 1 1
github.com/nstratos/go-myanimelist/mal/manga.go:51.81,54.2 1 1
github.com/nstratos/go-myanimelist/mal/manga.go:57.63,60.2 1 1
github.com/nstratos/go-myanimelist/mal/manga.go:86.78,94.16 6 2
github.com/nstratos/go-myanimelist/mal/manga.go:97.2,97.26 1 1
github.com/nstratos/go-myanimelist/mal/manga.go:94.16,96.3 1 1
github.com/nstratos/go-myanimelist/mal/manga.go:149.77,159.16 8 3
github.com/nstratos/go-myanimelist/mal/manga.go:163.2,163.22 1 2
github.com/nstratos/go-myanimelist/mal/manga.go:167.2,167.24 1 1
github.com/nstratos/go-myanimelist/mal/manga.go:159.16,161.3 1 1
github.com/nstratos/go-myanimelist/mal/manga.go:163.22,165.3 1 1
